<?xml version="1.0" encoding="UTF-8"?>
<!-- Generated by org.testng.reporters.JUnitXMLReporter -->
<testsuite ignored="0" hostname="LanTheMan" failures="0" tests="3" name="Test" time="234.994" errors="0" timestamp="2022-10-06T15:20:55 IST">
  <testcase classname="ecommerceTests.Seach_and_AddCart_Test" name="search_addCar_Test" time="82.768"/>
  <testcase classname="ecommerceTests.LoginTest" name="loginTest" time="51.56"/>
  <testcase classname="ecommerceTests.ProductDetailsTest" name="product_more_details_addCart_Test" time="89.36"/>
</testsuite> <!-- Test -->
